=== BUILD TARGET FloatExtension OF PROJECT Float WITH THE DEFAULT CONFIGURATION (Release) ===

Check dependencies

Write auxiliary files
write-file /Users/antonditativ/Documents/float_dit/build/Float.build/Release-iphoneos/FloatExtension.build/FloatExtension.hmap

CompileStoryboard FloatExtension/MainInterface.storyboard
    cd /Users/antonditativ/Documents/float_dit
    export PATH="/Applications/Xcode.app/Contents/Developer/Platforms/iPhoneOS.platform/Developer/usr/bin:/Applications/Xcode.app/Contents/Developer/usr/bin:/opt/iOSOpenDev/bin:/usr/bin:/bin:/usr/sbin:/sbin:/usr/local/bin:/usr/local/git/bin"
    export XCODE_DEVELOPER_USR_PATH=/Applications/Xcode.app/Contents/Developer/usr/bin/..
    /Applications/Xcode.app/Contents/Developer/usr/bin/ibtool --target-device iphone --errors --warnings --notices --module FloatExtension --minimum-deployment-target 8.2 --output-partial-info-plist /Users/antonditativ/Documents/float_dit/build/Float.build/Release-iphoneos/FloatExtension.build/MainInterface-SBPartialInfo.plist --auto-activate-custom-fonts --output-format human-readable-text --compilation-directory /Users/antonditativ/Documents/float_dit/build/Release-iphoneos/FloatExtension.appex /Users/antonditativ/Documents/float_dit/FloatExtension/MainInterface.storyboard
/* com.apple.ibtool.document.warnings */
/Users/antonditativ/Documents/float_dit/FloatExtension/MainInterface.storyboard:ngl-iS-KkV: warning: Prototype table cells must have reuse identifiers

ProcessInfoPlistFile build/Release-iphoneos/FloatExtension.appex/Info.plist FloatExtension/Info.plist
    cd /Users/antonditativ/Documents/float_dit
    export PATH="/Applications/Xcode.app/Contents/Developer/Platforms/iPhoneOS.platform/Developer/usr/bin:/Applications/Xcode.app/Contents/Developer/usr/bin:/opt/iOSOpenDev/bin:/usr/bin:/bin:/usr/sbin:/sbin:/usr/local/bin:/usr/local/git/bin"
    builtin-infoPlistUtility /Users/antonditativ/Documents/float_dit/FloatExtension/Info.plist -expandbuildsettings -format binary -platform iphoneos -additionalcontentfile /Users/antonditativ/Documents/float_dit/build/Float.build/Release-iphoneos/FloatExtension.build/MainInterface-SBPartialInfo.plist -o /Users/antonditativ/Documents/float_dit/build/Release-iphoneos/FloatExtension.appex/Info.plist

Touch build/Release-iphoneos/FloatExtension.appex
    cd /Users/antonditativ/Documents/float_dit
    export PATH="/Applications/Xcode.app/Contents/Developer/Platforms/iPhoneOS.platform/Developer/usr/bin:/Applications/Xcode.app/Contents/Developer/usr/bin:/opt/iOSOpenDev/bin:/usr/bin:/bin:/usr/sbin:/sbin:/usr/local/bin:/usr/local/git/bin"
    /usr/bin/touch -c /Users/antonditativ/Documents/float_dit/build/Release-iphoneos/FloatExtension.appex

ProcessProductPackaging /Applications/Xcode.app/Contents/Developer/Platforms/iPhoneOS.platform/Developer/SDKs/iPhoneOS8.2.sdk/Entitlements.plist build/Float.build/Release-iphoneos/FloatExtension.build/FloatExtension.appex.xcent
    cd /Users/antonditativ/Documents/float_dit
    export PATH="/Applications/Xcode.app/Contents/Developer/Platforms/iPhoneOS.platform/Developer/usr/bin:/Applications/Xcode.app/Contents/Developer/usr/bin:/opt/iOSOpenDev/bin:/usr/bin:/bin:/usr/sbin:/sbin:/usr/local/bin:/usr/local/git/bin"
    builtin-productPackagingUtility /Applications/Xcode.app/Contents/Developer/Platforms/iPhoneOS.platform/Developer/SDKs/iPhoneOS8.2.sdk/Entitlements.plist -entitlements -format xml -o /Users/antonditativ/Documents/float_dit/build/Float.build/Release-iphoneos/FloatExtension.build/FloatExtension.appex.xcent

CodeSign build/Release-iphoneos/FloatExtension.appex
    cd /Users/antonditativ/Documents/float_dit
    export CODESIGN_ALLOCATE=/Applications/Xcode.app/Contents/Developer/Toolchains/XcodeDefault.xctoolchain/usr/bin/codesign_allocate
    export PATH="/Applications/Xcode.app/Contents/Developer/Platforms/iPhoneOS.platform/Developer/usr/bin:/Applications/Xcode.app/Contents/Developer/usr/bin:/opt/iOSOpenDev/bin:/usr/bin:/bin:/usr/sbin:/sbin:/usr/local/bin:/usr/local/git/bin"
    
Signing Identity:     "iPhone Developer: ///// /////// (7YUAV999C8)"
Provisioning Profile: "iOSTeam Provisioning Profile: *"
                      (949ffde1-98f8-47b6-9227-753d106c6ccb)

    /usr/bin/codesign --force --sign 1A80DB2B961200373B885F9B3C3259A4E8133AC5 --entitlements /Users/antonditativ/Documents/float_dit/build/Float.build/Release-iphoneos/FloatExtension.build/FloatExtension.appex.xcent /Users/antonditativ/Documents/float_dit/build/Release-iphoneos/FloatExtension.appex
/Users/antonditativ/Documents/float_dit/build/Release-iphoneos/FloatExtension.appex: replacing existing signature

=== BUILD TARGET Float OF PROJECT Float WITH THE DEFAULT CONFIGURATION (Release) ===

Check dependencies

PhaseScriptExecution Check\ Pods\ Manifest.lock build/Float.build/Release-iphoneos/Float.build/Script-BA1479837EB2EA04FF4676C8.sh
    cd /Users/antonditativ/Documents/float_dit
    /bin/sh -c /Users/antonditativ/Documents/float_dit/build/Float.build/Release-iphoneos/Float.build/Script-BA1479837EB2EA04FF4676C8.sh

Ld build/Float.build/Release-iphoneos/Float.build/Objects-normal/armv7/Float normal armv7
    cd /Users/antonditativ/Documents/float_dit
    export IPHONEOS_DEPLOYMENT_TARGET=7.1
    export PATH="/Applications/Xcode.app/Contents/Developer/Platforms/iPhoneOS.platform/Developer/usr/bin:/Applications/Xcode.app/Contents/Developer/usr/bin:/opt/iOSOpenDev/bin:/usr/bin:/bin:/usr/sbin:/sbin:/usr/local/bin:/usr/local/git/bin"
    /Applications/Xcode.app/Contents/Developer/Toolchains/XcodeDefault.xctoolchain/usr/bin/clang -arch armv7 -isysroot /Applications/Xcode.app/Contents/Developer/Platforms/iPhoneOS.platform/Developer/SDKs/iPhoneOS8.2.sdk -L/Users/antonditativ/Documents/float_dit/build/Release-iphoneos -F/Users/antonditativ/Documents/float_dit/build/Release-iphoneos -filelist /Users/antonditativ/Documents/float_dit/build/Float.build/Release-iphoneos/Float.build/Objects-normal/armv7/Float.LinkFileList -Xlinker -rpath -Xlinker @executable_path/Frameworks -dead_strip -ObjC -lPods-AFNetworking -framework CoreGraphics -framework MobileCoreServices -framework Security -framework SystemConfiguration -fobjc-arc -fobjc-link-runtime -miphoneos-version-min=7.1 -lPods -Xlinker -dependency_info -Xlinker /Users/antonditativ/Documents/float_dit/build/Float.build/Release-iphoneos/Float.build/Objects-normal/armv7/Float_dependency_info.dat -o /Users/antonditativ/Documents/float_dit/build/Float.build/Release-iphoneos/Float.build/Objects-normal/armv7/Float
ld: library not found for -lPods-AFNetworking
clang: error: linker command failed with exit code 1 (use -v to see invocation)

